This file contains any messages produced by compilers while
running configure, to aid debugging if configure makes a mistake.

It was created by configure, which was
generated by GNU Autoconf 2.65.  Invocation command line was

  $ ./configure --with-tcl-includes=/usr/include/tcl8.3 --with-tcl-libraries=/usr/lib/tcl8.3

## --------- ##
## Platform. ##
## --------- ##

hostname = trip-desktop
uname -m = i686
uname -r = 2.6.32-28-generic
uname -s = Linux
uname -v = #55-Ubuntu SMP Mon Jan 10 21:21:01 UTC 2011

/usr/bin/uname -p = unknown
/bin/uname -X     = unknown

/bin/arch              = unknown
/usr/bin/arch -k       = unknown
/usr/convex/getsysinfo = unknown
/usr/bin/hostinfo      = unknown
/bin/machine           = unknown
/usr/bin/oslevel       = unknown
/bin/universe          = unknown

PATH: /usr/local/sbin
PATH: /usr/local/bin
PATH: /usr/sbin
PATH: /usr/bin
PATH: /sbin
PATH: /bin
PATH: /usr/games


## ----------- ##
## Core tests. ##
## ----------- ##

configure:2159: checking for a BSD-compatible install
configure:2227: result: /usr/bin/install -c
configure:2238: checking whether build environment is sane
configure:2288: result: yes
configure:2316: WARNING: `missing' script is too old or missing
configure:2429: checking for a thread-safe mkdir -p
configure:2468: result: /bin/mkdir -p
configure:2481: checking for gawk
configure:2497: found /usr/bin/gawk
configure:2508: result: gawk
configure:2519: checking whether make sets $(MAKE)
configure:2541: result: yes
configure:2624: checking whether to enable maintainer-specific portions of Makefiles
configure:2633: result: no
configure:2696: checking for gcc
configure:2712: found /usr/bin/gcc
configure:2723: result: gcc
configure:2952: checking for C compiler version
configure:2961: gcc --version >&5
gcc (Ubuntu 4.4.3-4ubuntu5) 4.4.3
Copyright (C) 2009 Free Software Foundation, Inc.
This is free software; see the source for copying conditions.  There is NO
warranty; not even for MERCHANTABILITY or FITNESS FOR A PARTICULAR PURPOSE.

configure:2972: $? = 0
configure:2961: gcc -v >&5
Using built-in specs.
Target: i486-linux-gnu
Configured with: ../src/configure -v --with-pkgversion='Ubuntu 4.4.3-4ubuntu5' --with-bugurl=file:///usr/share/doc/gcc-4.4/README.Bugs --enable-languages=c,c++,fortran,objc,obj-c++ --prefix=/usr --enable-shared --enable-multiarch --enable-linker-build-id --with-system-zlib --libexecdir=/usr/lib --without-included-gettext --enable-threads=posix --with-gxx-include-dir=/usr/include/c++/4.4 --program-suffix=-4.4 --enable-nls --enable-clocale=gnu --enable-libstdcxx-debug --enable-plugin --enable-objc-gc --enable-targets=all --disable-werror --with-arch-32=i486 --with-tune=generic --enable-checking=release --build=i486-linux-gnu --host=i486-linux-gnu --target=i486-linux-gnu
Thread model: posix
gcc version 4.4.3 (Ubuntu 4.4.3-4ubuntu5) 
configure:2972: $? = 0
configure:2961: gcc -V >&5
gcc: '-V' option must have argument
configure:2972: $? = 1
configure:2961: gcc -qversion >&5
gcc: unrecognized option '-qversion'
gcc: no input files
configure:2972: $? = 1
configure:2992: checking whether the C compiler works
configure:3014: gcc    conftest.c  >&5
configure:3018: $? = 0
configure:3067: result: yes
configure:3070: checking for C compiler default output file name
configure:3072: result: a.out
configure:3078: checking for suffix of executables
configure:3085: gcc -o conftest    conftest.c  >&5
configure:3089: $? = 0
configure:3111: result: 
configure:3133: checking whether we are cross compiling
configure:3141: gcc -o conftest    conftest.c  >&5
configure:3145: $? = 0
configure:3152: ./conftest
configure:3156: $? = 0
configure:3171: result: no
configure:3176: checking for suffix of object files
configure:3198: gcc -c   conftest.c >&5
configure:3202: $? = 0
configure:3223: result: o
configure:3227: checking whether we are using the GNU C compiler
configure:3246: gcc -c   conftest.c >&5
configure:3246: $? = 0
configure:3255: result: yes
configure:3264: checking whether gcc accepts -g
configure:3284: gcc -c -g  conftest.c >&5
configure:3284: $? = 0
configure:3325: result: yes
configure:3342: checking for gcc option to accept ISO C89
configure:3406: gcc  -c -g -O2  conftest.c >&5
configure:3406: $? = 0
configure:3419: result: none needed
configure:3450: checking for style of include used by make
configure:3478: result: GNU
configure:3503: checking dependency style of gcc
configure:3613: result: gcc3
configure:3686: checking for g++
configure:3702: found /usr/bin/g++
configure:3713: result: g++
configure:3740: checking for C++ compiler version
configure:3749: g++ --version >&5
g++ (Ubuntu 4.4.3-4ubuntu5) 4.4.3
Copyright (C) 2009 Free Software Foundation, Inc.
This is free software; see the source for copying conditions.  There is NO
warranty; not even for MERCHANTABILITY or FITNESS FOR A PARTICULAR PURPOSE.

configure:3760: $? = 0
configure:3749: g++ -v >&5
Using built-in specs.
Target: i486-linux-gnu
Configured with: ../src/configure -v --with-pkgversion='Ubuntu 4.4.3-4ubuntu5' --with-bugurl=file:///usr/share/doc/gcc-4.4/README.Bugs --enable-languages=c,c++,fortran,objc,obj-c++ --prefix=/usr --enable-shared --enable-multiarch --enable-linker-build-id --with-system-zlib --libexecdir=/usr/lib --without-included-gettext --enable-threads=posix --with-gxx-include-dir=/usr/include/c++/4.4 --program-suffix=-4.4 --enable-nls --enable-clocale=gnu --enable-libstdcxx-debug --enable-plugin --enable-objc-gc --enable-targets=all --disable-werror --with-arch-32=i486 --with-tune=generic --enable-checking=release --build=i486-linux-gnu --host=i486-linux-gnu --target=i486-linux-gnu
Thread model: posix
gcc version 4.4.3 (Ubuntu 4.4.3-4ubuntu5) 
configure:3760: $? = 0
configure:3749: g++ -V >&5
g++: '-V' option must have argument
configure:3760: $? = 1
configure:3749: g++ -qversion >&5
g++: unrecognized option '-qversion'
g++: no input files
configure:3760: $? = 1
configure:3764: checking whether we are using the GNU C++ compiler
configure:3783: g++ -c   conftest.cpp >&5
configure:3783: $? = 0
configure:3792: result: yes
configure:3801: checking whether g++ accepts -g
configure:3821: g++ -c -g  conftest.cpp >&5
configure:3821: $? = 0
configure:3862: result: yes
configure:3887: checking dependency style of g++
configure:3997: result: gcc3
configure:4056: checking for ranlib
configure:4072: found /usr/bin/ranlib
configure:4083: result: ranlib
configure:4113: checking how to run the C preprocessor
configure:4144: gcc -E  conftest.c
configure:4144: $? = 0
configure:4158: gcc -E  conftest.c
conftest.c:11:28: error: ac_nonexistent.h: No such file or directory
configure:4158: $? = 1
configure: failed program was:
| /* confdefs.h */
| #define PACKAGE_NAME ""
| #define PACKAGE_TARNAME ""
| #define PACKAGE_VERSION ""
| #define PACKAGE_STRING ""
| #define PACKAGE_BUGREPORT ""
| #define PACKAGE_URL ""
| #define PACKAGE "Edges"
| #define VERSION "0.1"
| /* end confdefs.h.  */
| #include <ac_nonexistent.h>
configure:4183: result: gcc -E
configure:4203: gcc -E  conftest.c
configure:4203: $? = 0
configure:4217: gcc -E  conftest.c
conftest.c:11:28: error: ac_nonexistent.h: No such file or directory
configure:4217: $? = 1
configure: failed program was:
| /* confdefs.h */
| #define PACKAGE_NAME ""
| #define PACKAGE_TARNAME ""
| #define PACKAGE_VERSION ""
| #define PACKAGE_STRING ""
| #define PACKAGE_BUGREPORT ""
| #define PACKAGE_URL ""
| #define PACKAGE "Edges"
| #define VERSION "0.1"
| /* end confdefs.h.  */
| #include <ac_nonexistent.h>
configure:4246: checking for X
configure:4385: gcc -o conftest -g -O2   conftest.c -lX11  >&5
configure:4385: $? = 0
configure:4435: result: libraries , headers 
configure:4463: checking for grep that handles long lines and -e
configure:4521: result: /bin/grep
configure:4526: checking for egrep
configure:4588: result: /bin/grep -E
configure:4593: checking for ANSI C header files
configure:4613: gcc -c -g -O2    conftest.c >&5
configure:4613: $? = 0
configure:4686: gcc -o conftest -g -O2     conftest.c  >&5
configure:4686: $? = 0
configure:4686: ./conftest
configure:4686: $? = 0
configure:4697: result: yes
configure:4710: checking for sys/types.h
configure:4710: gcc -c -g -O2    conftest.c >&5
configure:4710: $? = 0
configure:4710: result: yes
configure:4710: checking for sys/stat.h
configure:4710: gcc -c -g -O2    conftest.c >&5
configure:4710: $? = 0
configure:4710: result: yes
configure:4710: checking for stdlib.h
configure:4710: gcc -c -g -O2    conftest.c >&5
configure:4710: $? = 0
configure:4710: result: yes
configure:4710: checking for string.h
configure:4710: gcc -c -g -O2    conftest.c >&5
configure:4710: $? = 0
configure:4710: result: yes
configure:4710: checking for memory.h
configure:4710: gcc -c -g -O2    conftest.c >&5
configure:4710: $? = 0
configure:4710: result: yes
configure:4710: checking for strings.h
configure:4710: gcc -c -g -O2    conftest.c >&5
configure:4710: $? = 0
configure:4710: result: yes
configure:4710: checking for inttypes.h
configure:4710: gcc -c -g -O2    conftest.c >&5
configure:4710: $? = 0
configure:4710: result: yes
configure:4710: checking for stdint.h
configure:4710: gcc -c -g -O2    conftest.c >&5
configure:4710: $? = 0
configure:4710: result: yes
configure:4710: checking for unistd.h
configure:4710: gcc -c -g -O2    conftest.c >&5
configure:4710: $? = 0
configure:4710: result: yes
configure:4723: checking GL/gl.h usability
configure:4723: gcc -c -g -O2    conftest.c >&5
configure:4723: $? = 0
configure:4723: result: yes
configure:4723: checking GL/gl.h presence
configure:4723: gcc -E    conftest.c
configure:4723: $? = 0
configure:4723: result: yes
configure:4723: checking for GL/gl.h
configure:4723: result: yes
configure:4731: checking GL/glu.h usability
configure:4731: gcc -c -g -O2    conftest.c >&5
configure:4731: $? = 0
configure:4731: result: yes
configure:4731: checking GL/glu.h presence
configure:4731: gcc -E    conftest.c
configure:4731: $? = 0
configure:4731: result: yes
configure:4731: checking for GL/glu.h
configure:4731: result: yes
configure:4745: checking for GL library
configure:4758: gcc -o conftest -g -O2     conftest.c  -lGL >&5
configure:4758: $? = 0
configure:4765: result: yes
configure:4800: checking for gluPerspective in -lGLU
configure:4825: gcc -o conftest -g -O2     conftest.c -lGLU -lGL  -lGL >&5
configure:4825: $? = 0
configure:4834: result: yes
configure:4865: checking tcl.h usability
configure:4865: gcc -c -g -O2 -I/usr/include/tcl8.3  conftest.c >&5
configure:4865: $? = 0
configure:4865: result: yes
configure:4865: checking tcl.h presence
configure:4865: gcc -E -I/usr/include/tcl8.3  conftest.c
configure:4865: $? = 0
configure:4865: result: yes
configure:4865: checking for tcl.h
configure:4865: result: yes
configure:4877: checking for Tcl_Free in -ltcl8.3
configure:4902: gcc -o conftest -g -O2  -L/usr/lib/tcl8.3  conftest.c -ltcl8.3   >&5
configure:4902: $? = 0
configure:4911: result: yes
configure:5064: checking tk.h usability
configure:5064: gcc -c -g -O2  -I/usr/include/tcl8.3   conftest.c >&5
configure:5064: $? = 0
configure:5064: result: yes
configure:5064: checking tk.h presence
configure:5064: gcc -E  -I/usr/include/tcl8.3   conftest.c
configure:5064: $? = 0
configure:5064: result: yes
configure:5064: checking for tk.h
configure:5064: result: yes
configure:5078: checking for Tk_Init in -ltk8.3
configure:5103: gcc -o conftest -g -O2   -L/usr/lib/tcl8.3   conftest.c -ltk8.3  -ltcl8.3  >&5
configure:5103: $? = 0
configure:5112: result: yes
configure:5389: creating ./config.status

## ---------------------- ##
## Running config.status. ##
## ---------------------- ##

This file was extended by config.status, which was
generated by GNU Autoconf 2.65.  Invocation command line was

  CONFIG_FILES    = 
  CONFIG_HEADERS  = 
  CONFIG_LINKS    = 
  CONFIG_COMMANDS = 
  $ ./config.status 

on trip-desktop

config.status:878: creating Makefile
config.status:878: creating src/Makefile
config.status:878: creating src/Utilities/Makefile
config.status:878: creating src/Edges/Makefile
config.status:878: creating src/Geom/Makefile
config.status:878: creating src/TriStrip/Makefile
config.status:878: creating src/togl/Makefile
config.status:878: creating src/silhouette/Makefile
config.status:878: creating config.h
config.status:1050: config.h is unchanged
config.status:1098: executing depfiles commands

## ---------------- ##
## Cache variables. ##
## ---------------- ##

ac_cv_c_compiler_gnu=yes
ac_cv_cxx_compiler_gnu=yes
ac_cv_env_CCC_set=
ac_cv_env_CCC_value=
ac_cv_env_CC_set=
ac_cv_env_CC_value=
ac_cv_env_CFLAGS_set=
ac_cv_env_CFLAGS_value=
ac_cv_env_CPPFLAGS_set=
ac_cv_env_CPPFLAGS_value=
ac_cv_env_CPP_set=
ac_cv_env_CPP_value=
ac_cv_env_CXXFLAGS_set=
ac_cv_env_CXXFLAGS_value=
ac_cv_env_CXX_set=
ac_cv_env_CXX_value=
ac_cv_env_LDFLAGS_set=
ac_cv_env_LDFLAGS_value=
ac_cv_env_LIBS_set=
ac_cv_env_LIBS_value=
ac_cv_env_XMKMF_set=
ac_cv_env_XMKMF_value=
ac_cv_env_build_alias_set=
ac_cv_env_build_alias_value=
ac_cv_env_host_alias_set=
ac_cv_env_host_alias_value=
ac_cv_env_target_alias_set=
ac_cv_env_target_alias_value=
ac_cv_have_x='have_x=yes	ac_x_includes='\'''\''	ac_x_libraries='\'''\'''
ac_cv_header_GL_gl_h=yes
ac_cv_header_GL_glu_h=yes
ac_cv_header_inttypes_h=yes
ac_cv_header_memory_h=yes
ac_cv_header_stdc=yes
ac_cv_header_stdint_h=yes
ac_cv_header_stdlib_h=yes
ac_cv_header_string_h=yes
ac_cv_header_strings_h=yes
ac_cv_header_sys_stat_h=yes
ac_cv_header_sys_types_h=yes
ac_cv_header_tcl_h=yes
ac_cv_header_tk_h=yes
ac_cv_header_unistd_h=yes
ac_cv_lib_GLU_gluPerspective=yes
ac_cv_lib_tcl8_3_Tcl_Free=yes
ac_cv_lib_tk8_3_Tk_Init=yes
ac_cv_objext=o
ac_cv_path_EGREP='/bin/grep -E'
ac_cv_path_GREP=/bin/grep
ac_cv_path_install='/usr/bin/install -c'
ac_cv_path_mkdir=/bin/mkdir
ac_cv_prog_AWK=gawk
ac_cv_prog_CPP='gcc -E'
ac_cv_prog_ac_ct_CC=gcc
ac_cv_prog_ac_ct_CXX=g++
ac_cv_prog_ac_ct_RANLIB=ranlib
ac_cv_prog_cc_c89=
ac_cv_prog_cc_g=yes
ac_cv_prog_cxx_g=yes
ac_cv_prog_make_make_set=yes
am_cv_CC_dependencies_compiler_type=gcc3
am_cv_CXX_dependencies_compiler_type=gcc3

## ----------------- ##
## Output variables. ##
## ----------------- ##

ACLOCAL='aclocal-1.11'
AMDEPBACKSLASH='\'
AMDEP_FALSE='#'
AMDEP_TRUE=''
AMTAR='tar'
AUTOCONF='autoconf'
AUTOHEADER='autoheader'
AUTOMAKE='automake-1.11'
AWK='gawk'
CC='gcc'
CCDEPMODE='depmode=gcc3'
CFLAGS='-g -O2'
CPP='gcc -E'
CPPFLAGS=''
CXX='g++'
CXXDEPMODE='depmode=gcc3'
CXXFLAGS='-g -O2'
CYGPATH_W='echo'
DEFS='-DHAVE_CONFIG_H'
DEPDIR='.deps'
ECHO_C=''
ECHO_N='-n'
ECHO_T=''
EGREP='/bin/grep -E'
EXEEXT=''
GL_CFLAGS=''
GL_LDFLAGS=''
GREP='/bin/grep'
INSTALL_DATA='${INSTALL} -m 644'
INSTALL_PROGRAM='${INSTALL}'
INSTALL_SCRIPT='${INSTALL}'
INSTALL_STRIP_PROGRAM='$(install_sh) -c -s'
LDFLAGS=''
LIBOBJS=''
LIBS=''
LTLIBOBJS=''
MAINT='#'
MAINTAINER_MODE_FALSE=''
MAINTAINER_MODE_TRUE='#'
MAKEINFO='makeinfo'
MKDIR_P='/bin/mkdir -p'
OBJEXT='o'
PACKAGE='Edges'
PACKAGE_BUGREPORT=''
PACKAGE_NAME=''
PACKAGE_STRING=''
PACKAGE_TARNAME=''
PACKAGE_URL=''
PACKAGE_VERSION=''
PATH_SEPARATOR=':'
RANLIB='ranlib'
SET_MAKE=''
SHELL='/bin/bash'
STRIP=''
TCL_CFLAGS='-I/usr/include/tcl8.3'
TCL_LDFLAGS='-L/usr/lib/tcl8.3'
TCL_LIBS='-ltcl8.3'
TK_CFLAGS=''
TK_LDFLAGS=''
TK_LIBS='-ltk8.3'
VERSION='0.1'
XMKMF=''
X_CFLAGS=''
X_LDFLAGS=''
ac_ct_CC='gcc'
ac_ct_CXX='g++'
am__EXEEXT_FALSE=''
am__EXEEXT_TRUE='#'
am__fastdepCC_FALSE='#'
am__fastdepCC_TRUE=''
am__fastdepCXX_FALSE='#'
am__fastdepCXX_TRUE=''
am__include='include'
am__isrc=''
am__leading_dot='.'
am__quote=''
am__tar='${AMTAR} chof - "$$tardir"'
am__untar='${AMTAR} xf -'
bindir='${exec_prefix}/bin'
build_alias=''
datadir='${datarootdir}'
datarootdir='${prefix}/share'
docdir='${datarootdir}/doc/${PACKAGE}'
dvidir='${docdir}'
exec_prefix='${prefix}'
host_alias=''
htmldir='${docdir}'
includedir='${prefix}/include'
infodir='${datarootdir}/info'
install_sh='${SHELL} /home/trip/projects/edges/Edges/install-sh'
libdir='${exec_prefix}/lib'
libexecdir='${exec_prefix}/libexec'
localedir='${datarootdir}/locale'
localstatedir='${prefix}/var'
mandir='${datarootdir}/man'
mkdir_p='/bin/mkdir -p'
oldincludedir='/usr/include'
pdfdir='${docdir}'
prefix='/usr/local'
program_transform_name='s,x,x,'
psdir='${docdir}'
sbindir='${exec_prefix}/sbin'
sharedstatedir='${prefix}/com'
sysconfdir='${prefix}/etc'
target_alias=''

## ----------- ##
## confdefs.h. ##
## ----------- ##

/* confdefs.h */
#define PACKAGE_NAME ""
#define PACKAGE_TARNAME ""
#define PACKAGE_VERSION ""
#define PACKAGE_STRING ""
#define PACKAGE_BUGREPORT ""
#define PACKAGE_URL ""
#define PACKAGE "Edges"
#define VERSION "0.1"
#define STDC_HEADERS 1
#define HAVE_SYS_TYPES_H 1
#define HAVE_SYS_STAT_H 1
#define HAVE_STDLIB_H 1
#define HAVE_STRING_H 1
#define HAVE_MEMORY_H 1
#define HAVE_STRINGS_H 1
#define HAVE_INTTYPES_H 1
#define HAVE_STDINT_H 1
#define HAVE_UNISTD_H 1

configure: exit 0

## ---------------------- ##
## Running config.status. ##
## ---------------------- ##

This file was extended by config.status, which was
generated by GNU Autoconf 2.65.  Invocation command line was

  CONFIG_FILES    = 
  CONFIG_HEADERS  = 
  CONFIG_LINKS    = 
  CONFIG_COMMANDS = 
  $ ./config.status 

on trip-desktop

config.status:878: creating Makefile
config.status:878: creating src/Makefile
config.status:878: creating src/Utilities/Makefile
config.status:878: creating src/Edges/Makefile
config.status:878: creating src/Geom/Makefile
config.status:878: creating src/TriStrip/Makefile
config.status:878: creating src/togl/Makefile
config.status:878: creating src/silhouette/Makefile
config.status:878: creating config.h
config.status:1050: config.h is unchanged
config.status:1098: executing depfiles commands
